E, [2020-04-30T23:31:23.922861 #84653] ERROR -- Kitchen: ------Exception-------
E, [2020-04-30T23:31:23.922975 #84653] ERROR -- Kitchen: Class: Kitchen::UserError
E, [2020-04-30T23:31:23.922999 #84653] ERROR -- Kitchen: Message: Kitchen YAML file /Users/andy/development/salt_vulnerability/salt-vulnerabilities/kitchen.yml does not exist.
E, [2020-04-30T23:31:23.923018 #84653] ERROR -- Kitchen: ----------------------
E, [2020-04-30T23:31:23.923034 #84653] ERROR -- Kitchen: ------Backtrace-------
E, [2020-04-30T23:31:23.923050 #84653] ERROR -- Kitchen: /opt/chef-workstation/embedded/lib/ruby/gems/2.6.0/gems/test-kitchen-2.2.5/lib/kitchen/loader/yaml.rb:65:in `read'
E, [2020-04-30T23:31:23.925486 #84653] ERROR -- Kitchen: /opt/chef-workstation/embedded/lib/ruby/gems/2.6.0/gems/test-kitchen-2.2.5/lib/kitchen/config.rb:152:in `data'
E, [2020-04-30T23:31:23.925516 #84653] ERROR -- Kitchen: /opt/chef-workstation/embedded/lib/ruby/gems/2.6.0/gems/test-kitchen-2.2.5/lib/kitchen/config.rb:131:in `suites'
E, [2020-04-30T23:31:23.925536 #84653] ERROR -- Kitchen: /opt/chef-workstation/embedded/lib/ruby/gems/2.6.0/gems/test-kitchen-2.2.5/lib/kitchen/config.rb:182:in `filter_instances'
E, [2020-04-30T23:31:23.925553 #84653] ERROR -- Kitchen: /opt/chef-workstation/embedded/lib/ruby/gems/2.6.0/gems/test-kitchen-2.2.5/lib/kitchen/config.rb:141:in `build_instances'
E, [2020-04-30T23:31:23.925570 #84653] ERROR -- Kitchen: /opt/chef-workstation/embedded/lib/ruby/gems/2.6.0/gems/test-kitchen-2.2.5/lib/kitchen/config.rb:117:in `instances'
E, [2020-04-30T23:31:23.925586 #84653] ERROR -- Kitchen: /opt/chef-workstation/embedded/lib/ruby/gems/2.6.0/gems/test-kitchen-2.2.5/lib/kitchen/command.rb:112:in `filtered_instances'
E, [2020-04-30T23:31:23.925603 #84653] ERROR -- Kitchen: /opt/chef-workstation/embedded/lib/ruby/gems/2.6.0/gems/test-kitchen-2.2.5/lib/kitchen/command.rb:142:in `parse_subcommand'
E, [2020-04-30T23:31:23.925619 #84653] ERROR -- Kitchen: /opt/chef-workstation/embedded/lib/ruby/gems/2.6.0/gems/test-kitchen-2.2.5/lib/kitchen/command/login.rb:29:in `call'
E, [2020-04-30T23:31:23.925635 #84653] ERROR -- Kitchen: /opt/chef-workstation/embedded/lib/ruby/gems/2.6.0/gems/test-kitchen-2.2.5/lib/kitchen/cli.rb:52:in `perform'
E, [2020-04-30T23:31:23.925651 #84653] ERROR -- Kitchen: /opt/chef-workstation/embedded/lib/ruby/gems/2.6.0/gems/test-kitchen-2.2.5/lib/kitchen/cli.rb:252:in `login'
E, [2020-04-30T23:31:23.925668 #84653] ERROR -- Kitchen: /opt/chef-workstation/embedded/lib/ruby/gems/2.6.0/gems/thor-0.20.3/lib/thor/command.rb:27:in `run'
E, [2020-04-30T23:31:23.925685 #84653] ERROR -- Kitchen: /opt/chef-workstation/embedded/lib/ruby/gems/2.6.0/gems/thor-0.20.3/lib/thor/invocation.rb:126:in `invoke_command'
E, [2020-04-30T23:31:23.925701 #84653] ERROR -- Kitchen: /opt/chef-workstation/embedded/lib/ruby/gems/2.6.0/gems/thor-0.20.3/lib/thor.rb:387:in `dispatch'
E, [2020-04-30T23:31:23.925717 #84653] ERROR -- Kitchen: /opt/chef-workstation/embedded/lib/ruby/gems/2.6.0/gems/thor-0.20.3/lib/thor/base.rb:466:in `start'
E, [2020-04-30T23:31:23.925734 #84653] ERROR -- Kitchen: /opt/chef-workstation/embedded/lib/ruby/gems/2.6.0/gems/test-kitchen-2.2.5/bin/kitchen:13:in `block in <top (required)>'
E, [2020-04-30T23:31:23.925750 #84653] ERROR -- Kitchen: /opt/chef-workstation/embedded/lib/ruby/gems/2.6.0/gems/test-kitchen-2.2.5/lib/kitchen/errors.rb:171:in `with_friendly_errors'
E, [2020-04-30T23:31:23.925767 #84653] ERROR -- Kitchen: /opt/chef-workstation/embedded/lib/ruby/gems/2.6.0/gems/test-kitchen-2.2.5/bin/kitchen:13:in `<top (required)>'
E, [2020-04-30T23:31:23.925783 #84653] ERROR -- Kitchen: /usr/local/bin/kitchen:343:in `load'
E, [2020-04-30T23:31:23.925799 #84653] ERROR -- Kitchen: /usr/local/bin/kitchen:343:in `<main>'
E, [2020-04-30T23:31:23.925815 #84653] ERROR -- Kitchen: ----End Backtrace-----
